<?xml version="1.0" encoding="utf-8"?><testsuites name="pytest tests"><testsuite name="pytest" errors="0" failures="0" skipped="0" tests="10" time="1.490" timestamp="2026-07-17T12:56:38.514398+00:00" hostname="agent-env-02903826-6d01-4b8c-bc6b-1ff5e80848a3"><testcase classname="backend.tests.test_leads" name="test_root" time="0.263" /><testcase classname="backend.tests.test_leads" name="test_create_ticket_lead" time="0.161" /><testcase classname="backend.tests.test_leads" name="test_create_sponsor_lead" time="0.189" /><testcase classname="backend.tests.test_leads" name="test_create_invalid_type" time="0.094" /><testcase classname="backend.tests.test_leads" name="test_create_missing_name" time="0.147" /><testcase classname="backend.tests.test_leads" name="test_create_invalid_email" time="0.098" /><testcase classname="backend.tests.test_leads" name="test_list_leads" time="0.104" /><testcase classname="backend.tests.test_leads" name="test_filter_leads_ticket" time="0.136" /><testcase classname="backend.tests.test_leads" name="test_filter_leads_sponsor" time="0.112" /><testcase classname="backend.tests.test_leads" name="test_stats" time="0.094" /></testsuite></testsuites>