<?xml version="1.0" encoding="utf-8"?><testsuites name="pytest tests"><testsuite name="pytest" errors="0" failures="0" skipped="0" tests="10" time="1.342" timestamp="2026-07-17T11:08:10.106718+00:00" hostname="agent-env-02903826-6d01-4b8c-bc6b-1ff5e80848a3"><testcase classname="backend.tests.test_leads" name="test_root" time="0.291" /><testcase classname="backend.tests.test_leads" name="test_create_ticket_lead" time="0.143" /><testcase classname="backend.tests.test_leads" name="test_create_sponsor_lead" time="0.102" /><testcase classname="backend.tests.test_leads" name="test_create_invalid_type" time="0.109" /><testcase classname="backend.tests.test_leads" name="test_create_missing_name" time="0.125" /><testcase classname="backend.tests.test_leads" name="test_create_invalid_email" time="0.090" /><testcase classname="backend.tests.test_leads" name="test_list_leads" time="0.128" /><testcase classname="backend.tests.test_leads" name="test_filter_leads_ticket" time="0.108" /><testcase classname="backend.tests.test_leads" name="test_filter_leads_sponsor" time="0.089" /><testcase classname="backend.tests.test_leads" name="test_stats" time="0.092" /></testsuite></testsuites>